<?xml version="1.0" encoding="UTF-8"?>
<!-- Generated by org.testng.reporters.JUnitXMLReporter -->
<testsuite ignored="0" hostname="LAPTOP-0O8VOCIM" failures="0" tests="3" name="Default test" time="10.031" errors="0" timestamp="16 Aug. 2020 08:44:51 GMT">
  <testcase classname="shoppingWebsite.HomePageTest" name="verifyLogoTest" time="0.174"/>
  <testcase classname="shoppingWebsite.HomePageTest" name="getHomePageTitleTest" time="0.013"/>
  <testcase classname="shoppingWebsite.HomePageTest" name="navigateToSignInPageTest" time="1.4"/>
</testsuite> <!-- Default test -->
