<?xml version="1.0" encoding="UTF-8"?>
<testng-results ignored="0" total="3" passed="3" failed="0" skipped="0">
  <reporter-output>
  </reporter-output>
  <suite started-at="2020-08-16T08:44:41Z" name="Default suite" finished-at="2020-08-16T08:44:51Z" duration-ms="10031">
    <groups>
    </groups>
    <test started-at="2020-08-16T08:44:41Z" name="Default test" finished-at="2020-08-16T08:44:51Z" duration-ms="10031">
      <class name="shoppingWebsite.HomePageTest">
        <test-method is-config="true" signature="setUp()[pri:0, instance:shoppingWebsite.HomePageTest@71c8becc]" started-at="2020-08-16T08:44:41Z" name="setUp" finished-at="2020-08-16T08:44:49Z" duration-ms="7717" status="PASS">
          <reporter-output>
          </reporter-output>
        </test-method> <!-- setUp -->
        <test-method signature="verifyLogoTest()[pri:1, instance:shoppingWebsite.HomePageTest@71c8becc]" started-at="2020-08-16T08:44:49Z" name="verifyLogoTest" finished-at="2020-08-16T08:44:49Z" duration-ms="174" status="PASS">
          <reporter-output>
          </reporter-output>
        </test-method> <!-- verifyLogoTest -->
        <test-method signature="getHomePageTitleTest()[pri:2, instance:shoppingWebsite.HomePageTest@71c8becc]" started-at="2020-08-16T08:44:49Z" name="getHomePageTitleTest" finished-at="2020-08-16T08:44:49Z" duration-ms="13" status="PASS">
          <reporter-output>
          </reporter-output>
        </test-method> <!-- getHomePageTitleTest -->
        <test-method signature="navigateToSignInPageTest()[pri:3, instance:shoppingWebsite.HomePageTest@71c8becc]" started-at="2020-08-16T08:44:49Z" name="navigateToSignInPageTest" finished-at="2020-08-16T08:44:51Z" duration-ms="1400" status="PASS">
          <reporter-output>
          </reporter-output>
        </test-method> <!-- navigateToSignInPageTest -->
        <test-method is-config="true" signature="tearDown()[pri:0, instance:shoppingWebsite.HomePageTest@71c8becc]" started-at="2020-08-16T08:44:51Z" name="tearDown" finished-at="2020-08-16T08:44:51Z" duration-ms="682" status="PASS">
          <reporter-output>
          </reporter-output>
        </test-method> <!-- tearDown -->
      </class> <!-- shoppingWebsite.HomePageTest -->
    </test> <!-- Default test -->
  </suite> <!-- Default suite -->
</testng-results>
